
## ---------------------- ##
## Running config.status. ##
## ---------------------- ##

This file was extended by gpuminer config.status 2014.10.09, which was
generated by GNU Autoconf 2.69.  Invocation command line was

  CONFIG_FILES    = 
  CONFIG_HEADERS  = 
  CONFIG_LINKS    = 
  CONFIG_COMMANDS = 
  $ ./config.status gpuminer-config.h

on BlackJack-Miner

config.status:1209: creating gpuminer-config.h
config.status:1390: gpuminer-config.h is unchanged

## ---------------------- ##
## Running config.status. ##
## ---------------------- ##

This file was extended by gpuminer config.status 2014.10.09, which was
generated by GNU Autoconf 2.69.  Invocation command line was

  CONFIG_FILES    = 
  CONFIG_HEADERS  = 
  CONFIG_LINKS    = 
  CONFIG_COMMANDS = 
  $ ./config.status gpuminer-config.h

on BlackJack-Miner

config.status:1209: creating gpuminer-config.h
config.status:1390: gpuminer-config.h is unchanged
